This file contains any messages produced by compilers while
running configure, to aid debugging if configure makes a mistake.

It was created by libxc configure 2.0.0, which was
generated by GNU Autoconf 2.63.  Invocation command line was

  $ ./configure FC=ifort FCFLAGS=-cpp -DXS -DISO -DLIBXC -DIFORT -DFFTW CC=cc FCCPP= --enable-static=yes --enable-shared=no

## --------- ##
## Platform. ##
## --------- ##

hostname = public-docking-hpx-1662.ethz.ch
uname -m = x86_64
uname -r = 15.6.0
uname -s = Darwin
uname -v = Darwin Kernel Version 15.6.0: Mon Aug 29 20:21:34 PDT 2016; root:xnu-3248.60.11~1/RELEASE_X86_64

/usr/bin/uname -p = i386
/bin/uname -X     = unknown

/bin/arch              = unknown
/usr/bin/arch -k       = unknown
/usr/convex/getsysinfo = unknown
/usr/bin/hostinfo      = Mach kernel version:
	 Darwin Kernel Version 15.6.0: Mon Aug 29 20:21:34 PDT 2016; root:xnu-3248.60.11~1/RELEASE_X86_64
Kernel configured for up to 8 processors.
4 processors are physically available.
8 processors are logically available.
Processor type: x86_64h (Intel x86-64h Haswell)
Processors active: 0 1 2 3 4 5 6 7
Primary memory available: 16.00 gigabytes
Default processor set: 348 tasks, 1600 threads, 8 processors
Load average: 4.69, Mach factor: 3.30
/bin/machine           = unknown
/usr/bin/oslevel       = unknown
/bin/universe          = unknown

PATH: /opt/intel/composer_xe_2015.0.077/bin/intel64
PATH: /opt/intel/composer_xe_2015.0.077/mpirt/bin/intel64
PATH: /opt/intel/composer_xe_2015.0.077/bin/intel64
PATH: /opt/intel/composer_xe_2015.0.077/mpirt/bin/intel64
PATH: /opt/local/bin
PATH: /opt/local/sbin
PATH: /opt/local/include
PATH: /opt/local/lib/postgresql95/bin
PATH: ~/codes/AiiDA/aiida_epfl/bin/
PATH: /usr/local/bin
PATH: /usr/bin
PATH: /bin
PATH: /usr/sbin
PATH: /sbin
PATH: /opt/X11/bin
PATH: /Library/TeX/texbin
PATH: /opt/intel/composer_xe_2015.0.077/debugger/gdb/intel64/bin
PATH: /opt/intel/composer_xe_2015.0.077/debugger/gdb/intel64/bin


## ----------- ##
## Core tests. ##
## ----------- ##

configure:1976: checking for a BSD-compatible install
configure:2044: result: /usr/bin/install -c
configure:2055: checking whether build environment is sane
configure:2115: result: yes
configure:2256: checking for a thread-safe mkdir -p
configure:2295: result: ./install-sh -c -d
configure:2308: checking for gawk
configure:2338: result: no
configure:2308: checking for mawk
configure:2338: result: no
configure:2308: checking for nawk
configure:2338: result: no
configure:2308: checking for awk
configure:2324: found /usr/bin/awk
configure:2335: result: awk
configure:2346: checking whether make sets $(MAKE)
configure:2368: result: yes
configure:2485: checking for a sed that does not truncate output
configure:2564: result: /usr/bin/sed
configure:2641: checking build system type
configure:2659: result: x86_64-apple-darwin15.6.0
configure:2681: checking host system type
configure:2696: result: x86_64-apple-darwin15.6.0
configure:2739: checking how to print strings
configure:2766: result: printf
configure:2799: checking for style of include used by make
configure:2827: result: GNU
configure:2897: checking for gcc
configure:2924: result: cc
configure:3156: checking for C compiler version
configure:3164: cc --version >&5
Apple LLVM version 8.0.0 (clang-800.0.38)
Target: x86_64-apple-darwin15.6.0
Thread model: posix
InstalledDir: /Applications/Xcode.app/Contents/Developer/Toolchains/XcodeDefault.xctoolchain/usr/bin
configure:3168: $? = 0
configure:3175: cc -v >&5
Apple LLVM version 8.0.0 (clang-800.0.38)
Target: x86_64-apple-darwin15.6.0
Thread model: posix
InstalledDir: /Applications/Xcode.app/Contents/Developer/Toolchains/XcodeDefault.xctoolchain/usr/bin
configure:3179: $? = 0
configure:3186: cc -V >&5
clang: error: argument to '-V' is missing (expected 1 value)
clang: error: no input files
configure:3190: $? = 1
configure:3213: checking for C compiler default output file name
configure:3235: cc    conftest.c  >&5
configure:3239: $? = 0
configure:3277: result: a.out
configure:3296: checking whether the C compiler works
configure:3306: ./a.out
configure:3310: $? = 0
configure:3329: result: yes
configure:3336: checking whether we are cross compiling
configure:3338: result: no
configure:3341: checking for suffix of executables
configure:3348: cc -o conftest    conftest.c  >&5
configure:3352: $? = 0
configure:3378: result: 
configure:3384: checking for suffix of object files
configure:3410: cc -c   conftest.c >&5
configure:3414: $? = 0
configure:3439: result: o
configure:3443: checking whether we are using the GNU C compiler
configure:3472: cc -c   conftest.c >&5
configure:3479: $? = 0
configure:3496: result: yes
configure:3505: checking whether cc accepts -g
configure:3535: cc -c -g  conftest.c >&5
configure:3542: $? = 0
configure:3643: result: yes
configure:3660: checking for cc option to accept ISO C89
configure:3734: cc  -c -g -O2  conftest.c >&5
configure:3741: $? = 0
configure:3764: result: none needed
configure:3784: checking dependency style of cc
configure:3894: result: gcc3
configure:3909: checking for a sed that does not truncate output
configure:3988: result: /usr/bin/sed
configure:4006: checking for grep that handles long lines and -e
configure:4067: result: /usr/bin/grep
configure:4072: checking for egrep
configure:4137: result: /usr/bin/grep -E
configure:4142: checking for fgrep
configure:4207: result: /usr/bin/grep -F
configure:4242: checking for ld used by cc
configure:4309: result: /Applications/Xcode.app/Contents/Developer/Toolchains/XcodeDefault.xctoolchain/usr/bin/ld
configure:4318: checking if the linker (/Applications/Xcode.app/Contents/Developer/Toolchains/XcodeDefault.xctoolchain/usr/bin/ld) is GNU ld
configure:4333: result: no
configure:4345: checking for BSD- or MS-compatible name lister (nm)
configure:4394: result: /usr/bin/nm -B
configure:4524: checking the name lister (/usr/bin/nm -B) interface
configure:4531: cc -c -g -O2  conftest.c >&5
configure:4534: /usr/bin/nm -B "conftest.o"
configure:4537: output
0000000000000208 S _some_variable
configure:4544: result: BSD nm
configure:4547: checking whether ln -s works
configure:4551: result: yes
configure:4559: checking the maximum length of command line arguments
configure:4689: result: 196608
configure:4706: checking whether the shell understands some XSI constructs
configure:4716: result: yes
configure:4720: checking whether the shell understands "+="
configure:4726: result: yes
configure:4761: checking how to convert x86_64-apple-darwin15.6.0 file names to x86_64-apple-darwin15.6.0 format
configure:4801: result: func_convert_file_noop
configure:4808: checking how to convert x86_64-apple-darwin15.6.0 file names to toolchain format
configure:4828: result: func_convert_file_noop
configure:4835: checking for /Applications/Xcode.app/Contents/Developer/Toolchains/XcodeDefault.xctoolchain/usr/bin/ld option to reload object files
configure:4842: result: -r
configure:4916: checking for objdump
configure:4946: result: no
configure:4975: checking how to recognize dependent libraries
configure:5177: result: pass_all
configure:5262: checking for dlltool
configure:5292: result: no
configure:5322: checking how to associate runtime and link libraries
configure:5349: result: printf %s\n
configure:5410: checking for ar
configure:5426: found /opt/local/bin/ar
configure:5437: result: ar
configure:5474: checking for archiver @FILE support
configure:5501: cc -c -g -O2  conftest.c >&5
configure:5508: $? = 0
configure:5515: ar cru libconftest.a @conftest.lst >&5
ar: @conftest.lst: No such file or directory
configure:5518: $? = 1
configure:5544: result: no
configure:5602: checking for strip
configure:5618: found /opt/local/bin/strip
configure:5629: result: strip
configure:5701: checking for ranlib
configure:5717: found /opt/local/bin/ranlib
configure:5728: result: ranlib
configure:5830: checking command to parse /usr/bin/nm -B output from cc object
configure:5950: cc -c -g -O2  conftest.c >&5
configure:5953: $? = 0
configure:5957: /usr/bin/nm -B conftest.o \| sed -n -e 's/^.*[ ]\([BCDEGRST][BCDEGRST]*\)[ ][ ]*\([_A-Za-z][_A-Za-z0-9]*\)$/\1 \2 \2/p' | sed '/ __gnu_lto/d' \> conftest.nm
configure:5960: $? = 0
cannot find nm_test_var in conftest.nm
configure:5950: cc -c -g -O2  conftest.c >&5
configure:5953: $? = 0
configure:5957: /usr/bin/nm -B conftest.o \| sed -n -e 's/^.*[ ]\([BCDEGRST][BCDEGRST]*\)[ ][ ]*_\([_A-Za-z][_A-Za-z0-9]*\)$/\1 _\2 \2/p' | sed '/ __gnu_lto/d' \> conftest.nm
configure:5960: $? = 0
configure:6026: cc -o conftest -g -O2   conftest.c conftstm.o >&5
warning: (x86_64)  could not find object file symbol for symbol _main
configure:6029: $? = 0
configure:6067: result: ok
configure:6104: checking for sysroot
configure:6136: result: no
configure:6421: checking for mt
configure:6451: result: no
configure:6471: checking if : is a manifest tool
configure:6477: : '-?'
configure:6485: result: no
configure:6541: checking for dsymutil
configure:6557: found /usr/bin/dsymutil
configure:6568: result: dsymutil
configure:6633: checking for nmedit
configure:6649: found /opt/local/bin/nmedit
configure:6660: result: nmedit
configure:6725: checking for lipo
configure:6741: found /opt/local/bin/lipo
configure:6752: result: lipo
configure:6817: checking for otool
configure:6833: found /opt/local/bin/otool
configure:6844: result: otool
configure:6909: checking for otool64
configure:6939: result: no
configure:6984: checking for -single_module linker flag
cc -g -O2  -o libconftest.dylib -dynamiclib -Wl,-single_module conftest.c
configure:7017: result: yes
configure:7020: checking for -exported_symbols_list linker flag
configure:7050: cc -o conftest -g -O2   -Wl,-exported_symbols_list,conftest.sym conftest.c  >&5
configure:7057: $? = 0
configure:7079: result: yes
configure:7082: checking for -force_load linker flag
cc -g -O2 -c -o conftest.o conftest.c
ar cru libconftest.a conftest.o
ranlib libconftest.a
cc -g -O2  -o conftest conftest.c -Wl,-force_load,./libconftest.a
configure:7114: result: yes
configure:7156: checking how to run the C preprocessor
configure:7196: cc -E  conftest.c
configure:7203: $? = 0
configure:7234: cc -E  conftest.c
conftest.c:10:10: fatal error: 'ac_nonexistent.h' file not found
#include <ac_nonexistent.h>
         ^
1 error generated.
configure:7241: $? = 1
configure: failed program was:
| /* confdefs.h.  */
| #define PACKAGE_NAME "libxc"
| #define PACKAGE_TARNAME "libxc"
| #define PACKAGE_VERSION "2.0.0"
| #define PACKAGE_STRING "libxc 2.0.0"
| #define PACKAGE_BUGREPORT "libxc@tddft.org"
| #define PACKAGE "libxc"
| #define VERSION "2.0.0"
| /* end confdefs.h.  */
| #include <ac_nonexistent.h>
configure:7274: result: cc -E
configure:7303: cc -E  conftest.c
configure:7310: $? = 0
configure:7341: cc -E  conftest.c
conftest.c:10:10: fatal error: 'ac_nonexistent.h' file not found
#include <ac_nonexistent.h>
         ^
1 error generated.
configure:7348: $? = 1
configure: failed program was:
| /* confdefs.h.  */
| #define PACKAGE_NAME "libxc"
| #define PACKAGE_TARNAME "libxc"
| #define PACKAGE_VERSION "2.0.0"
| #define PACKAGE_STRING "libxc 2.0.0"
| #define PACKAGE_BUGREPORT "libxc@tddft.org"
| #define PACKAGE "libxc"
| #define VERSION "2.0.0"
| /* end confdefs.h.  */
| #include <ac_nonexistent.h>
configure:7388: checking for ANSI C header files
configure:7418: cc -c -g -O2  conftest.c >&5
configure:7425: $? = 0
configure:7524: cc -o conftest -g -O2   conftest.c  >&5
configure:7528: $? = 0
configure:7534: ./conftest
configure:7538: $? = 0
configure:7556: result: yes
configure:7580: checking for sys/types.h
configure:7601: cc -c -g -O2  conftest.c >&5
configure:7608: $? = 0
configure:7625: result: yes
configure:7580: checking for sys/stat.h
configure:7601: cc -c -g -O2  conftest.c >&5
configure:7608: $? = 0
configure:7625: result: yes
configure:7580: checking for stdlib.h
configure:7601: cc -c -g -O2  conftest.c >&5
configure:7608: $? = 0
configure:7625: result: yes
configure:7580: checking for string.h
configure:7601: cc -c -g -O2  conftest.c >&5
configure:7608: $? = 0
configure:7625: result: yes
configure:7580: checking for memory.h
configure:7601: cc -c -g -O2  conftest.c >&5
configure:7608: $? = 0
configure:7625: result: yes
configure:7580: checking for strings.h
configure:7601: cc -c -g -O2  conftest.c >&5
configure:7608: $? = 0
configure:7625: result: yes
configure:7580: checking for inttypes.h
configure:7601: cc -c -g -O2  conftest.c >&5
configure:7608: $? = 0
configure:7625: result: yes
configure:7580: checking for stdint.h
configure:7601: cc -c -g -O2  conftest.c >&5
configure:7608: $? = 0
configure:7625: result: yes
configure:7580: checking for unistd.h
configure:7601: cc -c -g -O2  conftest.c >&5
configure:7608: $? = 0
configure:7625: result: yes
configure:7643: checking for dlfcn.h
configure:7664: cc -c -g -O2  conftest.c >&5
configure:7671: $? = 0
configure:7688: result: yes
configure:7866: checking for objdir
configure:7881: result: .libs
configure:8152: checking if cc supports -fno-rtti -fno-exceptions
configure:8170: cc -c -g -O2  -fno-rtti -fno-exceptions conftest.c >&5
configure:8174: $? = 0
configure:8187: result: yes
configure:8514: checking for cc option to produce PIC
configure:8521: result: -fno-common -DPIC
configure:8529: checking if cc PIC flag -fno-common -DPIC works
configure:8547: cc -c -g -O2  -fno-common -DPIC -DPIC conftest.c >&5
configure:8551: $? = 0
configure:8564: result: yes
configure:8593: checking if cc static flag -static works
configure:8621: result: no
configure:8636: checking if cc supports -c -o file.o
configure:8657: cc -c -g -O2  -o out/conftest2.o conftest.c >&5
configure:8661: $? = 0
configure:8683: result: yes
configure:8691: checking if cc supports -c -o file.o
configure:8738: result: yes
configure:8771: checking whether the cc linker (/Applications/Xcode.app/Contents/Developer/Toolchains/XcodeDefault.xctoolchain/usr/bin/ld) supports shared libraries
configure:10015: result: yes
configure:10255: checking dynamic linker characteristics
configure:11024: result: darwin15.6.0 dyld
configure:11131: checking how to hardcode library paths into programs
configure:11156: result: immediate
configure:12009: checking whether stripping libraries is possible
configure:12023: result: yes
configure:12049: checking if libtool supports shared libraries
configure:12051: result: yes
configure:12054: checking whether to build shared libraries
configure:12075: result: no
configure:12078: checking whether to build static libraries
configure:12082: result: yes
configure:12169: checking for gcc
configure:12196: result: cc
configure:12428: checking for C compiler version
configure:12436: cc --version >&5
Apple LLVM version 8.0.0 (clang-800.0.38)
Target: x86_64-apple-darwin15.6.0
Thread model: posix
InstalledDir: /Applications/Xcode.app/Contents/Developer/Toolchains/XcodeDefault.xctoolchain/usr/bin
configure:12440: $? = 0
configure:12447: cc -v >&5
Apple LLVM version 8.0.0 (clang-800.0.38)
Target: x86_64-apple-darwin15.6.0
Thread model: posix
InstalledDir: /Applications/Xcode.app/Contents/Developer/Toolchains/XcodeDefault.xctoolchain/usr/bin
configure:12451: $? = 0
configure:12458: cc -V >&5
clang: error: argument to '-V' is missing (expected 1 value)
clang: error: no input files
configure:12462: $? = 1
configure:12465: checking whether we are using the GNU C compiler
configure:12518: result: yes
configure:12527: checking whether cc accepts -g
configure:12665: result: yes
configure:12682: checking for cc option to accept ISO C89
configure:12786: result: none needed
configure:12806: checking dependency style of cc
configure:12916: result: gcc3
configure:12936: checking whether cc understands -c and -o together
configure:12968: cc -c conftest.c -o conftest2.o >&5
configure:12972: $? = 0
configure:12978: cc -c conftest.c -o conftest2.o >&5
configure:12982: $? = 0
configure:13037: result: yes
configure:13064: checking for inline
configure:13090: cc -c -g -O2  conftest.c >&5
configure:13097: $? = 0
configure:13115: result: inline
configure:13136: checking for ANSI C header files
configure:13304: result: yes
configure:13316: checking for working alloca.h
configure:13343: cc -o conftest -g -O2   conftest.c  >&5
configure:13350: $? = 0
configure:13370: result: yes
configure:13380: checking for alloca
configure:13427: cc -o conftest -g -O2   conftest.c  >&5
configure:13434: $? = 0
configure:13454: result: yes
configure:13697: checking size of void*
configure:14002: cc -o conftest -g -O2   conftest.c  >&5
configure:14006: $? = 0
configure:14012: ./conftest
configure:14016: $? = 0
configure:14042: result: 8
configure:14054: checking for sqrtf in -lm
configure:14089: cc -o conftest -g -O2   conftest.c -lm   >&5
conftest.c:33:6: warning: incompatible redeclaration of library function 'sqrtf' [-Wincompatible-library-redeclaration]
char sqrtf ();
     ^
conftest.c:33:6: note: 'sqrtf' is a builtin with type 'float (float)'
1 warning generated.
configure:14096: $? = 0
configure:14117: result: yes
configure:14127: checking for cbrt in -lm
configure:14162: cc -o conftest -g -O2   conftest.c -lm   >&5
conftest.c:34:6: warning: incompatible redeclaration of library function 'cbrt' [-Wincompatible-library-redeclaration]
char cbrt ();
     ^
conftest.c:34:6: note: 'cbrt' is a builtin with type 'double (double)'
1 warning generated.
configure:14169: $? = 0
configure:14190: result: yes
configure:14200: checking for cbrtf in -lm
configure:14235: cc -o conftest -g -O2   conftest.c -lm   >&5
conftest.c:35:6: warning: incompatible redeclaration of library function 'cbrtf' [-Wincompatible-library-redeclaration]
char cbrtf ();
     ^
conftest.c:35:6: note: 'cbrtf' is a builtin with type 'float (float)'
1 warning generated.
configure:14242: $? = 0
configure:14263: result: yes
configure:14273: checking for feenableexcept in -lm
configure:14308: cc -o conftest -g -O2   conftest.c -lm   >&5
Undefined symbols for architecture x86_64:
  "_feenableexcept", referenced from:
      _main in conftest-ddfb70.o
ld: symbol(s) not found for architecture x86_64
clang: error: linker command failed with exit code 1 (use -v to see invocation)
configure:14315: $? = 1
configure: failed program was:
| /* confdefs.h.  */
| #define PACKAGE_NAME "libxc"
| #define PACKAGE_TARNAME "libxc"
| #define PACKAGE_VERSION "2.0.0"
| #define PACKAGE_STRING "libxc 2.0.0"
| #define PACKAGE_BUGREPORT "libxc@tddft.org"
| #define PACKAGE "libxc"
| #define VERSION "2.0.0"
| #define STDC_HEADERS 1
| #define HAVE_SYS_TYPES_H 1
| #define HAVE_SYS_STAT_H 1
| #define HAVE_STDLIB_H 1
| #define HAVE_STRING_H 1
| #define HAVE_MEMORY_H 1
| #define HAVE_STRINGS_H 1
| #define HAVE_INTTYPES_H 1
| #define HAVE_STDINT_H 1
| #define HAVE_UNISTD_H 1
| #define HAVE_DLFCN_H 1
| #define LT_OBJDIR ".libs/"
| #define STDC_HEADERS 1
| #define HAVE_ALLOCA_H 1
| #define HAVE_ALLOCA 1
| #define SIZEOF_VOIDP 8
| #define HAVE_SQRTF 1
| #define HAVE_CBRT 1
| #define HAVE_CBRTF 1
| /* end confdefs.h.  */
| 
| /* Override any GCC internal prototype to avoid an error.
|    Use char because int might match the return type of a GCC
|    builtin and then its argument prototype would still apply.  */
| #ifdef __cplusplus
| extern "C"
| #endif
| char feenableexcept ();
| int
| main ()
| {
| return feenableexcept ();
|   ;
|   return 0;
| }
configure:14336: result: no
configure:14478: checking for Fortran compiler version
configure:14486: ifort --version >&5
ifort (IFORT) 15.0.0 20140716
Copyright (C) 1985-2014 Intel Corporation.  All rights reserved.

configure:14490: $? = 0
configure:14497: ifort -v >&5
ifort version 15.0.0
configure:14501: $? = 0
configure:14508: ifort -V >&5
Intel(R) Fortran Intel(R) 64 Compiler XE for applications running on Intel(R) 64, Version 15.0.0.077 Build 20140716
Copyright (C) 1985-2014 Intel Corporation.  All rights reserved.

configure:14512: $? = 0
configure:14520: checking whether we are using the GNU Fortran compiler
configure:14539: ifort -c -cpp -DXS -DISO -DLIBXC -DIFORT -DFFTW  conftest.F >&5
conftest.F(3): error #5082: Syntax error, found END-OF-STATEMENT when expecting one of: ( % [ : . = =>
       choke me
---------------^
conftest.F(3): error #6218: This statement is positioned incorrectly and/or has syntax errors.
       choke me
---------------^
compilation aborted for conftest.F (code 1)
configure:14546: $? = 1
configure: failed program was:
|       program main
| #ifndef __GNUC__
|        choke me
| #endif
| 
|       end
configure:14563: result: no
configure:14569: checking whether ifort accepts -g
configure:14586: ifort -c -g  conftest.f >&5
configure:14593: $? = 0
configure:14609: result: yes
configure:14753: checking if libtool supports shared libraries
configure:14755: result: yes
configure:14758: checking whether to build shared libraries
configure:14778: result: no
configure:14781: checking whether to build static libraries
configure:14785: result: yes
configure:14819: ifort -c -cpp -DXS -DISO -DLIBXC -DIFORT -DFFTW  conftest.f >&5
configure:14822: $? = 0
configure:15269: checking for ifort option to produce PIC
configure:15276: result: 
configure:15342: checking if ifort static flag  works
configure:15370: result: yes
configure:15382: checking if ifort supports -c -o file.o
configure:15403: ifort -c -cpp -DXS -DISO -DLIBXC -DIFORT -DFFTW -o out/conftest2.o  conftest.f >&5
configure:15407: $? = 0
configure:15429: result: yes
configure:15434: checking if ifort supports -c -o file.o
configure:15481: result: yes
configure:15511: checking whether the ifort linker (/Applications/Xcode.app/Contents/Developer/Toolchains/XcodeDefault.xctoolchain/usr/bin/ld) supports shared libraries
configure:16693: result: yes
configure:16834: checking dynamic linker characteristics
configure:17527: result: darwin15.6.0 dyld
configure:17580: checking how to hardcode library paths into programs
configure:17605: result: immediate
configure:17653: checking for Fortran flag to compile .f90 files
configure:17675: ifort -c -cpp -DXS -DISO -DLIBXC -DIFORT -DFFTW  conftest.f90 >&5
configure:17682: $? = 0
configure:17701: result: none
configure:17800: Using FCFLAGS="-cpp -DXS -DISO -DLIBXC -DIFORT -DFFTW"
configure:17814: checking how to get verbose linking output from ifort
configure:17830: ifort -c -cpp -DXS -DISO -DLIBXC -DIFORT -DFFTW  conftest.f90 >&5
configure:17837: $? = 0
configure:17859: ifort -o conftest -cpp -DXS -DISO -DLIBXC -DIFORT -DFFTW -v conftest.f90
ifort version 15.0.0
/opt/intel/composer_xe_2015.0.077/bin/intel64/fpp    -D__INTEL_COMPILER=1500 -D__INTEL_COMPILER_UPDATE=0 -D__x86_64 -D__x86_64__ -D__amd64 -D__amd64__ -D_MT -D__INTEL_COMPILER_BUILD_DATE=20140716 -D__PIC__ -D__APPLE__ -D__MACH__ -D__pentium4 -D__pentium4__ -D__tune_pentium4__ -D__SSE2__ -D__SSE2_MATH__ -D__SSE3__ -D__SSSE3__ -D__SSE__ -D__SSE_MATH__ -D__MMX__ -DXS -DISO -DLIBXC -DIFORT -DFFTW -I. -I/opt/intel/composer_xe_2015.0.077/mkl/include -I/opt/intel/composer_xe_2015.0.077/ipp/include -I/opt/intel/composer_xe_2015.0.077/mkl/include -I/opt/intel/composer_xe_2015.0.077/tbb/include -I/opt/intel/composer_xe_2015.0.077/ipp/include -I/opt/intel/composer_xe_2015.0.077/mkl/include -I/opt/intel/composer_xe_2015.0.077/tbb/include -I/opt/intel/composer_xe_2015.0.077/compiler/include/intel64 -I/opt/intel/composer_xe_2015.0.077/compiler/include -I/Applications/Xcode.app/Contents/Developer/Toolchains/XcodeDefault.xctoolchain/usr/bin/../lib/clang/8.0.0/include -I/usr/include/ -I/usr/include -free -4Ycpp -4Ncvf -f_com=yes -MX conftest.f90 /var/folders/p5/hzpt6yf96nj6cz74gj8z0spr0000gn/T/ifortMrXiSw.i90
#include "..." search starts here:
#include <...> search starts here:
 .
 /opt/intel/composer_xe_2015.0.077/mkl/include
 /opt/intel/composer_xe_2015.0.077/ipp/include
 /opt/intel/composer_xe_2015.0.077/mkl/include
 /opt/intel/composer_xe_2015.0.077/tbb/include
 /opt/intel/composer_xe_2015.0.077/ipp/include
 /opt/intel/composer_xe_2015.0.077/mkl/include
 /opt/intel/composer_xe_2015.0.077/tbb/include
 /opt/intel/composer_xe_2015.0.077/compiler/include/intel64
 /opt/intel/composer_xe_2015.0.077/compiler/include
 /Applications/Xcode.app/Contents/Developer/Toolchains/XcodeDefault.xctoolchain/usr/bin/../lib/clang/8.0.0/include
 /usr/include/
 /usr/include
End of search list.
/opt/intel/composer_xe_2015.0.077/bin/intel64/fortcom    -D__INTEL_COMPILER=1500 -D__INTEL_COMPILER_UPDATE=0 -D__x86_64 -D__x86_64__ -D__amd64 -D__amd64__ -D_MT -D__INTEL_COMPILER_BUILD_DATE=20140716 -D__PIC__ -D__APPLE__ -D__MACH__ -D__pentium4 -D__pentium4__ -D__tune_pentium4__ -D__SSE2__ -D__SSE2_MATH__ -D__SSE3__ -D__SSSE3__ -D__SSE__ -D__SSE_MATH__ -D__MMX__ -mGLOB_pack_sort_init_list -I. -I/opt/intel/composer_xe_2015.0.077/mkl/include -I/opt/intel/composer_xe_2015.0.077/ipp/include -I/opt/intel/composer_xe_2015.0.077/mkl/include -I/opt/intel/composer_xe_2015.0.077/tbb/include -I/opt/intel/composer_xe_2015.0.077/ipp/include -I/opt/intel/composer_xe_2015.0.077/mkl/include -I/opt/intel/composer_xe_2015.0.077/tbb/include -I/opt/intel/composer_xe_2015.0.077/compiler/include/intel64 -I/opt/intel/composer_xe_2015.0.077/compiler/include -I/Applications/Xcode.app/Contents/Developer/Toolchains/XcodeDefault.xctoolchain/usr/bin/../lib/clang/8.0.0/include -I/usr/include/ -I/usr/include -DXS -DISO -DLIBXC -DIFORT -DFFTW -O2 -simd -mP1OPT_version=15.0-intel64 -mGLOB_diag_file=/var/folders/p5/hzpt6yf96nj6cz74gj8z0spr0000gn/T/ifortEJqhb0.diag -mGLOB_diag_use_message_catalog=FALSE -mGLOB_source_language=GLOB_SOURCE_LANGUAGE_F90 -mP2OPT_static_promotion -mP1OPT_print_version=FALSE -mCG_use_gas_got_workaround=F -mP2OPT_align_option_used=TRUE -mGLOB_gcc_version=490 "-mGLOB_options_string=-o conftest -cpp -DXS -DISO -DLIBXC -DIFORT -DFFTW -v" -mGLOB_position_independent_code -mGLOB_preemption_model=1 -mGLOB_no_compact_unwind=TRUE -mGLOB_cxx_limited_range=FALSE -mCG_extend_parms=FALSE -mGLOB_compiler_bin_directory=/opt/intel/composer_xe_2015.0.077/bin/intel64 -mGLOB_as_output_backup_file_name=/var/folders/p5/hzpt6yf96nj6cz74gj8z0spr0000gn/T/ifort7cJ4CPas_.s -mIPOPT_activate -mIPOPT_lite -mGLOB_em64t -mGLOB_instruction_tuning=0x0 -mGLOB_product_id_code=0x22006d8f -mCG_bnl_movbe=T -mGLOB_extended_instructions=0x80 -mP3OPT_use_mspp_call_convention -mP2OPT_subs_out_of_bound=FALSE -mGLOB_ansi_alias -mPGOPTI_value_profile_use=T -mGLOB_opt_report_use_source_name -mP2OPT_il0_array_sections=TRUE -mP2OPT_hlo_level=2 -mP2OPT_hlo -mP2OPT_hpo_rtt_control=0 -mIPOPT_args_in_regs=0 -mP2OPT_disam_assume_nonstd_intent_in=FALSE -mGLOB_imf_mapping_library=/opt/intel/composer_xe_2015.0.077/bin/intel64/libiml_attr.dylib -mIPOPT_single_file_compile_and_link=TRUE -mPGOPTI_gen_threadsafe_level=0 -mIPOPT_obj_output_file_name=/var/folders/p5/hzpt6yf96nj6cz74gj8z0spr0000gn/T/ifortEJqhb0.o -mIPOPT_whole_archive_fixup_file_name=/var/folders/p5/hzpt6yf96nj6cz74gj8z0spr0000gn/T/ifortwarchUci5Dk -mGLOB_long_size_64 -mGLOB_routine_pointer_size_64 -mGLOB_driver_tempfile_name=/var/folders/p5/hzpt6yf96nj6cz74gj8z0spr0000gn/T/iforttempfileQHg4HV -mGLOB_os_target=GLOB_OS_TARGET_MACH -mGLOB_async_unwind_tables=TRUE -mGLOB_obj_output_file=/var/folders/p5/hzpt6yf96nj6cz74gj8z0spr0000gn/T/ifortEJqhb0.o -mGLOB_source_dialect=GLOB_SOURCE_DIALECT_FORTRAN -mP1OPT_source_file_name=conftest.f90 -mP2OPT_symtab_type_copy=true /var/folders/p5/hzpt6yf96nj6cz74gj8z0spr0000gn/T/ifortMrXiSw.i90
#include "..." search starts here:
#include <...> search starts here:
 .
 /opt/intel/composer_xe_2015.0.077/mkl/include
 /opt/intel/composer_xe_2015.0.077/ipp/include
 /opt/intel/composer_xe_2015.0.077/mkl/include
 /opt/intel/composer_xe_2015.0.077/tbb/include
 /opt/intel/composer_xe_2015.0.077/ipp/include
 /opt/intel/composer_xe_2015.0.077/mkl/include
 /opt/intel/composer_xe_2015.0.077/tbb/include
 /opt/intel/composer_xe_2015.0.077/compiler/include/intel64
 /opt/intel/composer_xe_2015.0.077/compiler/include
 /Applications/Xcode.app/Contents/Developer/Toolchains/XcodeDefault.xctoolchain/usr/bin/../lib/clang/8.0.0/include
 /usr/include/
 /usr/include
End of search list.
/Applications/Xcode.app/Contents/Developer/Toolchains/XcodeDefault.xctoolchain/usr/bin/ld    -dynamic -arch x86_64 -weak_reference_mismatches non-weak -macosx_version_min 10.11.6 -no_compact_unwind -o conftest /opt/intel/composer_xe_2015.0.077/compiler/lib/for_main.o -L/opt/intel/composer_xe_2015.0.077/compiler/lib -L/opt/intel/composer_xe_2015.0.077/mkl/lib -L/opt/intel/composer_xe_2015.0.077/compiler/lib -L/opt/intel/composer_xe_2015.0.077/ipp/../compiler/lib -L/opt/intel/composer_xe_2015.0.077/ipp/lib -L/opt/intel/composer_xe_2015.0.077/compiler/lib -L/opt/intel/composer_xe_2015.0.077/mkl/lib -L/opt/intel/composer_xe_2015.0.077/tbb/lib -L/opt/intel/composer_xe_2015.0.077/compiler/lib -L/opt/intel/composer_xe_2015.0.077/ipp/../compiler/lib -L/opt/intel/composer_xe_2015.0.077/ipp/lib -L/opt/intel/composer_xe_2015.0.077/compiler/lib -L/opt/intel/composer_xe_2015.0.077/mkl/lib -L/opt/intel/composer_xe_2015.0.077/tbb/lib -L/opt/intel/composer_xe_2015.0.077/compiler/lib -L/usr/lib /var/folders/p5/hzpt6yf96nj6cz74gj8z0spr0000gn/T/ifortEJqhb0.o /opt/intel/composer_xe_2015.0.077/compiler/lib/libifport.a /opt/intel/composer_xe_2015.0.077/compiler/lib/libifcore.a /opt/intel/composer_xe_2015.0.077/compiler/lib/libimf.a /opt/intel/composer_xe_2015.0.077/compiler/lib/libsvml.a /opt/intel/composer_xe_2015.0.077/compiler/lib/libipgo.a -lSystem /opt/intel/composer_xe_2015.0.077/compiler/lib/libirc.a -lpthread /opt/intel/composer_xe_2015.0.077/compiler/lib/libsvml.a /Applications/Xcode.app/Contents/Developer/Toolchains/XcodeDefault.xctoolchain/usr/bin/../lib/clang/8.0.0/lib/darwin/libclang_rt.osx.a
configure:17928: result: -v
configure:17930: checking for Fortran libraries of ifort
configure:17953: ifort -o conftest -cpp -DXS -DISO -DLIBXC -DIFORT -DFFTW -v conftest.f90
ifort version 15.0.0
/opt/intel/composer_xe_2015.0.077/bin/intel64/fpp    -D__INTEL_COMPILER=1500 -D__INTEL_COMPILER_UPDATE=0 -D__x86_64 -D__x86_64__ -D__amd64 -D__amd64__ -D_MT -D__INTEL_COMPILER_BUILD_DATE=20140716 -D__PIC__ -D__APPLE__ -D__MACH__ -D__pentium4 -D__pentium4__ -D__tune_pentium4__ -D__SSE2__ -D__SSE2_MATH__ -D__SSE3__ -D__SSSE3__ -D__SSE__ -D__SSE_MATH__ -D__MMX__ -DXS -DISO -DLIBXC -DIFORT -DFFTW -I. -I/opt/intel/composer_xe_2015.0.077/mkl/include -I/opt/intel/composer_xe_2015.0.077/ipp/include -I/opt/intel/composer_xe_2015.0.077/mkl/include -I/opt/intel/composer_xe_2015.0.077/tbb/include -I/opt/intel/composer_xe_2015.0.077/ipp/include -I/opt/intel/composer_xe_2015.0.077/mkl/include -I/opt/intel/composer_xe_2015.0.077/tbb/include -I/opt/intel/composer_xe_2015.0.077/compiler/include/intel64 -I/opt/intel/composer_xe_2015.0.077/compiler/include -I/Applications/Xcode.app/Contents/Developer/Toolchains/XcodeDefault.xctoolchain/usr/bin/../lib/clang/8.0.0/include -I/usr/include/ -I/usr/include -free -4Ycpp -4Ncvf -f_com=yes -MX conftest.f90 /var/folders/p5/hzpt6yf96nj6cz74gj8z0spr0000gn/T/ifortZLLECX.i90
#include "..." search starts here:
#include <...> search starts here:
 .
 /opt/intel/composer_xe_2015.0.077/mkl/include
 /opt/intel/composer_xe_2015.0.077/ipp/include
 /opt/intel/composer_xe_2015.0.077/mkl/include
 /opt/intel/composer_xe_2015.0.077/tbb/include
 /opt/intel/composer_xe_2015.0.077/ipp/include
 /opt/intel/composer_xe_2015.0.077/mkl/include
 /opt/intel/composer_xe_2015.0.077/tbb/include
 /opt/intel/composer_xe_2015.0.077/compiler/include/intel64
 /opt/intel/composer_xe_2015.0.077/compiler/include
 /Applications/Xcode.app/Contents/Developer/Toolchains/XcodeDefault.xctoolchain/usr/bin/../lib/clang/8.0.0/include
 /usr/include/
 /usr/include
End of search list.
/opt/intel/composer_xe_2015.0.077/bin/intel64/fortcom    -D__INTEL_COMPILER=1500 -D__INTEL_COMPILER_UPDATE=0 -D__x86_64 -D__x86_64__ -D__amd64 -D__amd64__ -D_MT -D__INTEL_COMPILER_BUILD_DATE=20140716 -D__PIC__ -D__APPLE__ -D__MACH__ -D__pentium4 -D__pentium4__ -D__tune_pentium4__ -D__SSE2__ -D__SSE2_MATH__ -D__SSE3__ -D__SSSE3__ -D__SSE__ -D__SSE_MATH__ -D__MMX__ -mGLOB_pack_sort_init_list -I. -I/opt/intel/composer_xe_2015.0.077/mkl/include -I/opt/intel/composer_xe_2015.0.077/ipp/include -I/opt/intel/composer_xe_2015.0.077/mkl/include -I/opt/intel/composer_xe_2015.0.077/tbb/include -I/opt/intel/composer_xe_2015.0.077/ipp/include -I/opt/intel/composer_xe_2015.0.077/mkl/include -I/opt/intel/composer_xe_2015.0.077/tbb/include -I/opt/intel/composer_xe_2015.0.077/compiler/include/intel64 -I/opt/intel/composer_xe_2015.0.077/compiler/include -I/Applications/Xcode.app/Contents/Developer/Toolchains/XcodeDefault.xctoolchain/usr/bin/../lib/clang/8.0.0/include -I/usr/include/ -I/usr/include -DXS -DISO -DLIBXC -DIFORT -DFFTW -O2 -simd -mP1OPT_version=15.0-intel64 -mGLOB_diag_file=/var/folders/p5/hzpt6yf96nj6cz74gj8z0spr0000gn/T/ifortEjWh9s.diag -mGLOB_diag_use_message_catalog=FALSE -mGLOB_source_language=GLOB_SOURCE_LANGUAGE_F90 -mP2OPT_static_promotion -mP1OPT_print_version=FALSE -mCG_use_gas_got_workaround=F -mP2OPT_align_option_used=TRUE -mGLOB_gcc_version=490 "-mGLOB_options_string=-o conftest -cpp -DXS -DISO -DLIBXC -DIFORT -DFFTW -v" -mGLOB_position_independent_code -mGLOB_preemption_model=1 -mGLOB_no_compact_unwind=TRUE -mGLOB_cxx_limited_range=FALSE -mCG_extend_parms=FALSE -mGLOB_compiler_bin_directory=/opt/intel/composer_xe_2015.0.077/bin/intel64 -mGLOB_as_output_backup_file_name=/var/folders/p5/hzpt6yf96nj6cz74gj8z0spr0000gn/T/ifortmVZrQhas_.s -mIPOPT_activate -mIPOPT_lite -mGLOB_em64t -mGLOB_instruction_tuning=0x0 -mGLOB_product_id_code=0x22006d8f -mCG_bnl_movbe=T -mGLOB_extended_instructions=0x80 -mP3OPT_use_mspp_call_convention -mP2OPT_subs_out_of_bound=FALSE -mGLOB_ansi_alias -mPGOPTI_value_profile_use=T -mGLOB_opt_report_use_source_name -mP2OPT_il0_array_sections=TRUE -mP2OPT_hlo_level=2 -mP2OPT_hlo -mP2OPT_hpo_rtt_control=0 -mIPOPT_args_in_regs=0 -mP2OPT_disam_assume_nonstd_intent_in=FALSE -mGLOB_imf_mapping_library=/opt/intel/composer_xe_2015.0.077/bin/intel64/libiml_attr.dylib -mIPOPT_single_file_compile_and_link=TRUE -mPGOPTI_gen_threadsafe_level=0 -mIPOPT_obj_output_file_name=/var/folders/p5/hzpt6yf96nj6cz74gj8z0spr0000gn/T/ifortEjWh9s.o -mIPOPT_whole_archive_fixup_file_name=/var/folders/p5/hzpt6yf96nj6cz74gj8z0spr0000gn/T/ifortwarchiO6bj1 -mGLOB_long_size_64 -mGLOB_routine_pointer_size_64 -mGLOB_driver_tempfile_name=/var/folders/p5/hzpt6yf96nj6cz74gj8z0spr0000gn/T/iforttempfileANGzaF -mGLOB_os_target=GLOB_OS_TARGET_MACH -mGLOB_async_unwind_tables=TRUE -mGLOB_obj_output_file=/var/folders/p5/hzpt6yf96nj6cz74gj8z0spr0000gn/T/ifortEjWh9s.o -mGLOB_source_dialect=GLOB_SOURCE_DIALECT_FORTRAN -mP1OPT_source_file_name=conftest.f90 -mP2OPT_symtab_type_copy=true /var/folders/p5/hzpt6yf96nj6cz74gj8z0spr0000gn/T/ifortZLLECX.i90
#include "..." search starts here:
#include <...> search starts here:
 .
 /opt/intel/composer_xe_2015.0.077/mkl/include
 /opt/intel/composer_xe_2015.0.077/ipp/include
 /opt/intel/composer_xe_2015.0.077/mkl/include
 /opt/intel/composer_xe_2015.0.077/tbb/include
 /opt/intel/composer_xe_2015.0.077/ipp/include
 /opt/intel/composer_xe_2015.0.077/mkl/include
 /opt/intel/composer_xe_2015.0.077/tbb/include
 /opt/intel/composer_xe_2015.0.077/compiler/include/intel64
 /opt/intel/composer_xe_2015.0.077/compiler/include
 /Applications/Xcode.app/Contents/Developer/Toolchains/XcodeDefault.xctoolchain/usr/bin/../lib/clang/8.0.0/include
 /usr/include/
 /usr/include
End of search list.
/Applications/Xcode.app/Contents/Developer/Toolchains/XcodeDefault.xctoolchain/usr/bin/ld    -dynamic -arch x86_64 -weak_reference_mismatches non-weak -macosx_version_min 10.11.6 -no_compact_unwind -o conftest /opt/intel/composer_xe_2015.0.077/compiler/lib/for_main.o -L/opt/intel/composer_xe_2015.0.077/compiler/lib -L/opt/intel/composer_xe_2015.0.077/mkl/lib -L/opt/intel/composer_xe_2015.0.077/compiler/lib -L/opt/intel/composer_xe_2015.0.077/ipp/../compiler/lib -L/opt/intel/composer_xe_2015.0.077/ipp/lib -L/opt/intel/composer_xe_2015.0.077/compiler/lib -L/opt/intel/composer_xe_2015.0.077/mkl/lib -L/opt/intel/composer_xe_2015.0.077/tbb/lib -L/opt/intel/composer_xe_2015.0.077/compiler/lib -L/opt/intel/composer_xe_2015.0.077/ipp/../compiler/lib -L/opt/intel/composer_xe_2015.0.077/ipp/lib -L/opt/intel/composer_xe_2015.0.077/compiler/lib -L/opt/intel/composer_xe_2015.0.077/mkl/lib -L/opt/intel/composer_xe_2015.0.077/tbb/lib -L/opt/intel/composer_xe_2015.0.077/compiler/lib -L/usr/lib /var/folders/p5/hzpt6yf96nj6cz74gj8z0spr0000gn/T/ifortEjWh9s.o /opt/intel/composer_xe_2015.0.077/compiler/lib/libifport.a /opt/intel/composer_xe_2015.0.077/compiler/lib/libifcore.a /opt/intel/composer_xe_2015.0.077/compiler/lib/libimf.a /opt/intel/composer_xe_2015.0.077/compiler/lib/libsvml.a /opt/intel/composer_xe_2015.0.077/compiler/lib/libipgo.a -lSystem /opt/intel/composer_xe_2015.0.077/compiler/lib/libirc.a -lpthread /opt/intel/composer_xe_2015.0.077/compiler/lib/libsvml.a /Applications/Xcode.app/Contents/Developer/Toolchains/XcodeDefault.xctoolchain/usr/bin/../lib/clang/8.0.0/lib/darwin/libclang_rt.osx.a
configure:18130: result:  -L/opt/intel/composer_xe_2015.0.077/compiler/lib -L/opt/intel/composer_xe_2015.0.077/mkl/lib -L/opt/intel/composer_xe_2015.0.077/ipp/../compiler/lib -L/opt/intel/composer_xe_2015.0.077/ipp/lib -L/opt/intel/composer_xe_2015.0.077/tbb/lib -L/usr/lib /opt/intel/composer_xe_2015.0.077/compiler/lib/libifport.a /opt/intel/composer_xe_2015.0.077/compiler/lib/libifcore.a /opt/intel/composer_xe_2015.0.077/compiler/lib/libimf.a /opt/intel/composer_xe_2015.0.077/compiler/lib/libsvml.a /opt/intel/composer_xe_2015.0.077/compiler/lib/libipgo.a /opt/intel/composer_xe_2015.0.077/compiler/lib/libirc.a -lpthread /Applications/Xcode.app/Contents/Developer/Toolchains/XcodeDefault.xctoolchain/usr/bin/../lib/clang/8.0.0/lib/darwin/libclang_rt.osx.a
configure:18145: checking for dummy main to link with Fortran libraries
configure:18189: cc -o conftest -g -O2   conftest.c   -L/opt/intel/composer_xe_2015.0.077/compiler/lib -L/opt/intel/composer_xe_2015.0.077/mkl/lib -L/opt/intel/composer_xe_2015.0.077/ipp/../compiler/lib -L/opt/intel/composer_xe_2015.0.077/ipp/lib -L/opt/intel/composer_xe_2015.0.077/tbb/lib -L/usr/lib /opt/intel/composer_xe_2015.0.077/compiler/lib/libifport.a /opt/intel/composer_xe_2015.0.077/compiler/lib/libifcore.a /opt/intel/composer_xe_2015.0.077/compiler/lib/libimf.a /opt/intel/composer_xe_2015.0.077/compiler/lib/libsvml.a /opt/intel/composer_xe_2015.0.077/compiler/lib/libipgo.a /opt/intel/composer_xe_2015.0.077/compiler/lib/libirc.a -lpthread /Applications/Xcode.app/Contents/Developer/Toolchains/XcodeDefault.xctoolchain/usr/bin/../lib/clang/8.0.0/lib/darwin/libclang_rt.osx.a >&5
configure:18196: $? = 0
configure:18284: result: none
configure:18322: checking for Fortran name-mangling scheme
configure:18341: ifort -c -cpp -DXS -DISO -DLIBXC -DIFORT -DFFTW  conftest.f90 >&5
configure:18348: $? = 0
configure:18403: cc -o conftest -g -O2   conftest.c cfortran_test.o   -L/opt/intel/composer_xe_2015.0.077/compiler/lib -L/opt/intel/composer_xe_2015.0.077/mkl/lib -L/opt/intel/composer_xe_2015.0.077/ipp/../compiler/lib -L/opt/intel/composer_xe_2015.0.077/ipp/lib -L/opt/intel/composer_xe_2015.0.077/tbb/lib -L/usr/lib /opt/intel/composer_xe_2015.0.077/compiler/lib/libifport.a /opt/intel/composer_xe_2015.0.077/compiler/lib/libifcore.a /opt/intel/composer_xe_2015.0.077/compiler/lib/libimf.a /opt/intel/composer_xe_2015.0.077/compiler/lib/libsvml.a /opt/intel/composer_xe_2015.0.077/compiler/lib/libipgo.a /opt/intel/composer_xe_2015.0.077/compiler/lib/libirc.a -lpthread /Applications/Xcode.app/Contents/Developer/Toolchains/XcodeDefault.xctoolchain/usr/bin/../lib/clang/8.0.0/lib/darwin/libclang_rt.osx.a >&5
Undefined symbols for architecture x86_64:
  "_foobar", referenced from:
      _main in conftest-d120aa.o
     (maybe you meant: _foobar_)
ld: symbol(s) not found for architecture x86_64
clang: error: linker command failed with exit code 1 (use -v to see invocation)
configure:18410: $? = 1
configure: failed program was:
| /* confdefs.h.  */
| #define PACKAGE_NAME "libxc"
| #define PACKAGE_TARNAME "libxc"
| #define PACKAGE_VERSION "2.0.0"
| #define PACKAGE_STRING "libxc 2.0.0"
| #define PACKAGE_BUGREPORT "libxc@tddft.org"
| #define PACKAGE "libxc"
| #define VERSION "2.0.0"
| #define STDC_HEADERS 1
| #define HAVE_SYS_TYPES_H 1
| #define HAVE_SYS_STAT_H 1
| #define HAVE_STDLIB_H 1
| #define HAVE_STRING_H 1
| #define HAVE_MEMORY_H 1
| #define HAVE_STRINGS_H 1
| #define HAVE_INTTYPES_H 1
| #define HAVE_STDINT_H 1
| #define HAVE_UNISTD_H 1
| #define HAVE_DLFCN_H 1
| #define LT_OBJDIR ".libs/"
| #define STDC_HEADERS 1
| #define HAVE_ALLOCA_H 1
| #define HAVE_ALLOCA 1
| #define SIZEOF_VOIDP 8
| #define HAVE_SQRTF 1
| #define HAVE_CBRT 1
| #define HAVE_CBRTF 1
| #define HAVE_FORTRAN 1
| /* end confdefs.h.  */
| 
| /* Override any GCC internal prototype to avoid an error.
|    Use char because int might match the return type of a GCC
|    builtin and then its argument prototype would still apply.  */
| #ifdef __cplusplus
| extern "C"
| #endif
| char foobar ();
| #ifdef FC_DUMMY_MAIN
| #ifndef FC_DUMMY_MAIN_EQ_F77
| #  ifdef __cplusplus
|      extern "C"
| #  endif
|    int FC_DUMMY_MAIN() { return 1; }
| #endif
| #endif
| int
| main ()
| {
| return foobar ();
|   ;
|   return 0;
| }
configure:18403: cc -o conftest -g -O2   conftest.c cfortran_test.o   -L/opt/intel/composer_xe_2015.0.077/compiler/lib -L/opt/intel/composer_xe_2015.0.077/mkl/lib -L/opt/intel/composer_xe_2015.0.077/ipp/../compiler/lib -L/opt/intel/composer_xe_2015.0.077/ipp/lib -L/opt/intel/composer_xe_2015.0.077/tbb/lib -L/usr/lib /opt/intel/composer_xe_2015.0.077/compiler/lib/libifport.a /opt/intel/composer_xe_2015.0.077/compiler/lib/libifcore.a /opt/intel/composer_xe_2015.0.077/compiler/lib/libimf.a /opt/intel/composer_xe_2015.0.077/compiler/lib/libsvml.a /opt/intel/composer_xe_2015.0.077/compiler/lib/libipgo.a /opt/intel/composer_xe_2015.0.077/compiler/lib/libirc.a -lpthread /Applications/Xcode.app/Contents/Developer/Toolchains/XcodeDefault.xctoolchain/usr/bin/../lib/clang/8.0.0/lib/darwin/libclang_rt.osx.a >&5
configure:18410: $? = 0
configure:18492: cc -o conftest -g -O2   conftest.c cfortran_test.o   -L/opt/intel/composer_xe_2015.0.077/compiler/lib -L/opt/intel/composer_xe_2015.0.077/mkl/lib -L/opt/intel/composer_xe_2015.0.077/ipp/../compiler/lib -L/opt/intel/composer_xe_2015.0.077/ipp/lib -L/opt/intel/composer_xe_2015.0.077/tbb/lib -L/usr/lib /opt/intel/composer_xe_2015.0.077/compiler/lib/libifport.a /opt/intel/composer_xe_2015.0.077/compiler/lib/libifcore.a /opt/intel/composer_xe_2015.0.077/compiler/lib/libimf.a /opt/intel/composer_xe_2015.0.077/compiler/lib/libsvml.a /opt/intel/composer_xe_2015.0.077/compiler/lib/libipgo.a /opt/intel/composer_xe_2015.0.077/compiler/lib/libirc.a -lpthread /Applications/Xcode.app/Contents/Developer/Toolchains/XcodeDefault.xctoolchain/usr/bin/../lib/clang/8.0.0/lib/darwin/libclang_rt.osx.a >&5
configure:18499: $? = 0
configure:18562: result: lower case, underscore, no extra underscore
configure:18661: checking whether the compiler accepts very long lines
configure:18675: ifort -c -cpp -DXS -DISO -DLIBXC -DIFORT -DFFTW  conftest.f90 >&5
configure:18682: $? = 0
configure:18702: result: yes
configure:18707: checking whether the compiler accepts "line-number" lines cast by the preprocessor
configure:18720: ifort -c -cpp -DXS -DISO -DLIBXC -DIFORT -DFFTW  conftest.f90 >&5
configure:18727: $? = 0
configure:18748: result: yes
configure:18754: checking fortran 90 modules extension
configure:18786: ifort -c -cpp -DXS -DISO -DLIBXC -DIFORT -DFFTW  conftest.f90 >&5
configure:18793: $? = 0
configure:18825: result: mod
configure:18832: checking for the size of a Fortran integer
configure:18864: ifort -o conftest -cpp -DXS -DISO -DLIBXC -DIFORT -DFFTW   conftest.f90  >&5
configure:18868: $? = 0
configure:18874: ./conftest
configure:18878: $? = 0
configure:18900: result: 4 bytes
configure:18912: checking for which C type corresponds to Fortran integer
configure:18970: cc -o conftest -g -O2   conftest.c  >&5
configure:18974: $? = 0
configure:18980: ./conftest
configure:18984: $? = 0
configure:19011: result: int
configure:19230: creating ./config.status

## ---------------------- ##
## Running config.status. ##
## ---------------------- ##

This file was extended by libxc config.status 2.0.0, which was
generated by GNU Autoconf 2.63.  Invocation command line was

  CONFIG_FILES    = 
  CONFIG_HEADERS  = 
  CONFIG_LINKS    = 
  CONFIG_COMMANDS = 
  $ ./config.status 

on public-docking-hpx-1662.ethz.ch

config.status:1099: creating Makefile
config.status:1099: creating xc_version.h
config.status:1099: creating src/Makefile
config.status:1099: creating testsuite/Makefile
config.status:1099: creating build/Makefile
config.status:1099: creating build/libxc.pc
config.status:1099: creating build/libxc.spec
config.status:1099: creating config.h
config.status:1321: config.h is unchanged
config.status:1373: executing depfiles commands
config.status:1373: executing libtool commands

## ---------------- ##
## Cache variables. ##
## ---------------- ##

ac_cv_build=x86_64-apple-darwin15.6.0
ac_cv_build_fortran=yes
ac_cv_c_compiler_gnu=yes
ac_cv_c_inline=inline
ac_cv_env_CC_set=set
ac_cv_env_CC_value=cc
ac_cv_env_CFLAGS_set=
ac_cv_env_CFLAGS_value=
ac_cv_env_CPPFLAGS_set=
ac_cv_env_CPPFLAGS_value=
ac_cv_env_CPP_set=
ac_cv_env_CPP_value=
ac_cv_env_FCCPP_set=set
ac_cv_env_FCCPP_value=
ac_cv_env_FCFLAGS_set=set
ac_cv_env_FCFLAGS_value='-cpp -DXS -DISO -DLIBXC -DIFORT -DFFTW'
ac_cv_env_FC_set=set
ac_cv_env_FC_value=ifort
ac_cv_env_LDFLAGS_set=
ac_cv_env_LDFLAGS_value=
ac_cv_env_LIBS_set=
ac_cv_env_LIBS_value=
ac_cv_env_build_alias_set=
ac_cv_env_build_alias_value=
ac_cv_env_host_alias_set=
ac_cv_env_host_alias_value=
ac_cv_env_target_alias_set=
ac_cv_env_target_alias_value=
ac_cv_fc_compiler_gnu=no
ac_cv_fc_dummy_main=none
ac_cv_fc_libs=' -L/opt/intel/composer_xe_2015.0.077/compiler/lib -L/opt/intel/composer_xe_2015.0.077/mkl/lib -L/opt/intel/composer_xe_2015.0.077/ipp/../compiler/lib -L/opt/intel/composer_xe_2015.0.077/ipp/lib -L/opt/intel/composer_xe_2015.0.077/tbb/lib -L/usr/lib /opt/intel/composer_xe_2015.0.077/compiler/lib/libifport.a /opt/intel/composer_xe_2015.0.077/compiler/lib/libifcore.a /opt/intel/composer_xe_2015.0.077/compiler/lib/libimf.a /opt/intel/composer_xe_2015.0.077/compiler/lib/libsvml.a /opt/intel/composer_xe_2015.0.077/compiler/lib/libipgo.a /opt/intel/composer_xe_2015.0.077/compiler/lib/libirc.a -lpthread /Applications/Xcode.app/Contents/Developer/Toolchains/XcodeDefault.xctoolchain/usr/bin/../lib/clang/8.0.0/lib/darwin/libclang_rt.osx.a'
ac_cv_fc_mangling='lower case, underscore, no extra underscore'
ac_cv_fc_srcext_f90=none
ac_cv_fortran_dummy_main=none
ac_cv_func_alloca_works=yes
ac_cv_header_dlfcn_h=yes
ac_cv_header_inttypes_h=yes
ac_cv_header_memory_h=yes
ac_cv_header_stdc=yes
ac_cv_header_stdint_h=yes
ac_cv_header_stdlib_h=yes
ac_cv_header_string_h=yes
ac_cv_header_strings_h=yes
ac_cv_header_sys_stat_h=yes
ac_cv_header_sys_types_h=yes
ac_cv_header_unistd_h=yes
ac_cv_host=x86_64-apple-darwin15.6.0
ac_cv_lib_m_cbrt=yes
ac_cv_lib_m_cbrtf=yes
ac_cv_lib_m_feenableexcept=no
ac_cv_lib_m_sqrtf=yes
ac_cv_objext=o
ac_cv_path_EGREP='/usr/bin/grep -E'
ac_cv_path_FGREP='/usr/bin/grep -F'
ac_cv_path_GREP=/usr/bin/grep
ac_cv_path_SED=/usr/bin/sed
ac_cv_path_install='/usr/bin/install -c'
ac_cv_prog_AWK=awk
ac_cv_prog_CPP='cc -E'
ac_cv_prog_ac_ct_AR=ar
ac_cv_prog_ac_ct_CC=cc
ac_cv_prog_ac_ct_DSYMUTIL=dsymutil
ac_cv_prog_ac_ct_LIPO=lipo
ac_cv_prog_ac_ct_NMEDIT=nmedit
ac_cv_prog_ac_ct_OTOOL=otool
ac_cv_prog_ac_ct_RANLIB=ranlib
ac_cv_prog_ac_ct_STRIP=strip
ac_cv_prog_cc_c89=
ac_cv_prog_cc_cc_c_o=yes
ac_cv_prog_cc_g=yes
ac_cv_prog_fc_g=yes
ac_cv_prog_fc_v=-v
ac_cv_prog_make_make_set=yes
ac_cv_single_prec=no
ac_cv_sizeof_voidp=8
ac_cv_working_alloca_h=yes
am_cv_CC_dependencies_compiler_type=gcc3
ax_cv_f90_modext=mod
lt_cv_apple_cc_single_mod=yes
lt_cv_ar_at_file=no
lt_cv_deplibs_check_method=pass_all
lt_cv_file_magic_cmd='$MAGIC_CMD'
lt_cv_file_magic_test_file=
lt_cv_ld_exported_symbols_list=yes
lt_cv_ld_force_load=yes
lt_cv_ld_reload_flag=-r
lt_cv_nm_interface='BSD nm'
lt_cv_objdir=.libs
lt_cv_path_LD=/Applications/Xcode.app/Contents/Developer/Toolchains/XcodeDefault.xctoolchain/usr/bin/ld
lt_cv_path_NM='/usr/bin/nm -B'
lt_cv_path_mainfest_tool=no
lt_cv_prog_compiler_c_o=yes
lt_cv_prog_compiler_c_o_FC=yes
lt_cv_prog_compiler_pic='-fno-common -DPIC'
lt_cv_prog_compiler_pic_FC=
lt_cv_prog_compiler_pic_works=yes
lt_cv_prog_compiler_rtti_exceptions=yes
lt_cv_prog_compiler_static_works=no
lt_cv_prog_compiler_static_works_FC=yes
lt_cv_prog_gnu_ld=no
lt_cv_sharedlib_from_linklib_cmd='printf %s\n'
lt_cv_sys_global_symbol_pipe='sed -n -e '\''s/^.*[	 ]\([BCDEGRST][BCDEGRST]*\)[	 ][	 ]*_\([_A-Za-z][_A-Za-z0-9]*\)$/\1 _\2 \2/p'\'' | sed '\''/ __gnu_lto/d'\'''
lt_cv_sys_global_symbol_to_c_name_address='sed -n -e '\''s/^: \([^ ]*\)[ ]*$/  {\"\1\", (void *) 0},/p'\'' -e '\''s/^[BCDEGRST]* \([^ ]*\) \([^ ]*\)$/  {"\2", (void *) \&\2},/p'\'''
lt_cv_sys_global_symbol_to_c_name_address_lib_prefix='sed -n -e '\''s/^: \([^ ]*\)[ ]*$/  {\"\1\", (void *) 0},/p'\'' -e '\''s/^[BCDEGRST]* \([^ ]*\) \(lib[^ ]*\)$/  {"\2", (void *) \&\2},/p'\'' -e '\''s/^[BCDEGRST]* \([^ ]*\) \([^ ]*\)$/  {"lib\2", (void *) \&\2},/p'\'''
lt_cv_sys_global_symbol_to_cdecl='sed -n -e '\''s/^T .* \(.*\)$/extern int \1();/p'\'' -e '\''s/^[BCDEGRST]* .* \(.*\)$/extern char \1;/p'\'''
lt_cv_sys_max_cmd_len=196608
lt_cv_to_host_file_cmd=func_convert_file_noop
lt_cv_to_tool_file_cmd=func_convert_file_noop

## ----------------- ##
## Output variables. ##
## ----------------- ##

ACLOCAL='${SHELL} /Users/pxu/codes/Exciting/carbon/chase-exciting/src/libXC/missing --run aclocal-1.11'
ALLOCA=''
AMDEPBACKSLASH='\'
AMDEP_FALSE='#'
AMDEP_TRUE=''
AMTAR='${SHELL} /Users/pxu/codes/Exciting/carbon/chase-exciting/src/libXC/missing --run tar'
AR='ar'
AUTOCONF='${SHELL} /Users/pxu/codes/Exciting/carbon/chase-exciting/src/libXC/missing --run autoconf'
AUTOHEADER='${SHELL} /Users/pxu/codes/Exciting/carbon/chase-exciting/src/libXC/missing --run autoheader'
AUTOMAKE='${SHELL} /Users/pxu/codes/Exciting/carbon/chase-exciting/src/libXC/missing --run automake-1.11'
AWK='awk'
CC='cc'
CCDEPMODE='depmode=gcc3'
CFLAGS='-g -O2'
COMPILE_FORTRAN_FALSE='#'
COMPILE_FORTRAN_TRUE=''
COMPILE_SINGLE_FALSE=''
COMPILE_SINGLE_TRUE='#'
CPP='cc -E'
CPPFLAGS=''
CYGPATH_W='echo'
DEFS='-DHAVE_CONFIG_H'
DEPDIR='.deps'
DLLTOOL='false'
DSYMUTIL='dsymutil'
DUMPBIN=''
ECHO_C='\c'
ECHO_N=''
ECHO_T=''
EGREP='/usr/bin/grep -E'
ENABLE_FORTRAN_FALSE='#'
ENABLE_FORTRAN_TRUE=''
EXEEXT=''
F90_ACCEPTS_LINE_NUMBERS='yes'
F90_MOD_UPPERCASE_FALSE=''
F90_MOD_UPPERCASE_TRUE='#'
FC='ifort'
FCCPP='/lib/cpp -C -ansi'
FCFLAGS='-cpp -DXS -DISO -DLIBXC -DIFORT -DFFTW'
FCFLAGS_f90=''
FCLIBS=' -L/opt/intel/composer_xe_2015.0.077/compiler/lib -L/opt/intel/composer_xe_2015.0.077/mkl/lib -L/opt/intel/composer_xe_2015.0.077/ipp/../compiler/lib -L/opt/intel/composer_xe_2015.0.077/ipp/lib -L/opt/intel/composer_xe_2015.0.077/tbb/lib -L/usr/lib /opt/intel/composer_xe_2015.0.077/compiler/lib/libifport.a /opt/intel/composer_xe_2015.0.077/compiler/lib/libifcore.a /opt/intel/composer_xe_2015.0.077/compiler/lib/libimf.a /opt/intel/composer_xe_2015.0.077/compiler/lib/libsvml.a /opt/intel/composer_xe_2015.0.077/compiler/lib/libipgo.a /opt/intel/composer_xe_2015.0.077/compiler/lib/libirc.a -lpthread /Applications/Xcode.app/Contents/Developer/Toolchains/XcodeDefault.xctoolchain/usr/bin/../lib/clang/8.0.0/lib/darwin/libclang_rt.osx.a'
FGREP='/usr/bin/grep -F'
GREP='/usr/bin/grep'
INSTALL_DATA='${INSTALL} -m 644'
INSTALL_PROGRAM='${INSTALL}'
INSTALL_SCRIPT='${INSTALL}'
INSTALL_STRIP_PROGRAM='$(install_sh) -c -s'
LD='/Applications/Xcode.app/Contents/Developer/Toolchains/XcodeDefault.xctoolchain/usr/bin/ld'
LDFLAGS=''
LIBOBJS=''
LIBS=''
LIBTOOL='$(SHELL) $(top_builddir)/libtool'
LIPO='lipo'
LN_S='ln -s'
LONG_LINES='yes'
LTLIBOBJS=''
MAKEINFO='${SHELL} /Users/pxu/codes/Exciting/carbon/chase-exciting/src/libXC/missing --run makeinfo'
MANIFEST_TOOL=':'
MKDIR_P='./install-sh -c -d'
NM='/usr/bin/nm -B'
NMEDIT='nmedit'
OBJDUMP='false'
OBJEXT='o'
OTOOL64=':'
OTOOL='otool'
PACKAGE='libxc'
PACKAGE_BUGREPORT='libxc@tddft.org'
PACKAGE_NAME='libxc'
PACKAGE_STRING='libxc 2.0.0'
PACKAGE_TARNAME='libxc'
PACKAGE_VERSION='2.0.0'
PATH_SEPARATOR=':'
RANLIB='ranlib'
SED='/usr/bin/sed'
SET_MAKE=''
SHELL='/bin/sh'
STRIP='strip'
VERSION='2.0.0'
XC_LT_VERSION='1:0:0'
XC_MAJOR_VERSION='2'
XC_MINOR_VERSION='0'
ac_ct_AR='ar'
ac_ct_CC='cc'
ac_ct_DUMPBIN=''
ac_ct_FC=''
am__EXEEXT_FALSE=''
am__EXEEXT_TRUE='#'
am__fastdepCC_FALSE='#'
am__fastdepCC_TRUE=''
am__include='include'
am__isrc=''
am__leading_dot='.'
am__quote=''
am__tar='${AMTAR} chof - "$$tardir"'
am__untar='${AMTAR} xf -'
ax_cv_f90_modext='mod'
bindir='${exec_prefix}/bin'
build='x86_64-apple-darwin15.6.0'
build_alias=''
build_cpu='x86_64'
build_os='darwin15.6.0'
build_vendor='apple'
datadir='${datarootdir}'
datarootdir='${prefix}/share'
docdir='${datarootdir}/doc/${PACKAGE_TARNAME}'
dvidir='${docdir}'
exec_prefix='${prefix}'
host='x86_64-apple-darwin15.6.0'
host_alias=''
host_cpu='x86_64'
host_os='darwin15.6.0'
host_vendor='apple'
htmldir='${docdir}'
includedir='${prefix}/include'
infodir='${datarootdir}/info'
install_sh='${SHELL} /Users/pxu/codes/Exciting/carbon/chase-exciting/src/libXC/install-sh'
libdir='${exec_prefix}/lib'
libexecdir='${exec_prefix}/libexec'
localedir='${datarootdir}/locale'
localstatedir='${prefix}/var'
mandir='${datarootdir}/man'
mkdir_p='$(top_builddir)/./install-sh -c -d'
oldincludedir='/usr/include'
pdfdir='${docdir}'
prefix='/opt/etsf'
program_transform_name='s,x,x,'
psdir='${docdir}'
sbindir='${exec_prefix}/sbin'
sharedstatedir='${prefix}/com'
sysconfdir='${prefix}/etc'
target_alias=''

## ----------- ##
## confdefs.h. ##
## ----------- ##

#define PACKAGE_NAME "libxc"
#define PACKAGE_TARNAME "libxc"
#define PACKAGE_VERSION "2.0.0"
#define PACKAGE_STRING "libxc 2.0.0"
#define PACKAGE_BUGREPORT "libxc@tddft.org"
#define PACKAGE "libxc"
#define VERSION "2.0.0"
#define STDC_HEADERS 1
#define HAVE_SYS_TYPES_H 1
#define HAVE_SYS_STAT_H 1
#define HAVE_STDLIB_H 1
#define HAVE_STRING_H 1
#define HAVE_MEMORY_H 1
#define HAVE_STRINGS_H 1
#define HAVE_INTTYPES_H 1
#define HAVE_STDINT_H 1
#define HAVE_UNISTD_H 1
#define HAVE_DLFCN_H 1
#define LT_OBJDIR ".libs/"
#define STDC_HEADERS 1
#define HAVE_ALLOCA_H 1
#define HAVE_ALLOCA 1
#define SIZEOF_VOIDP 8
#define HAVE_SQRTF 1
#define HAVE_CBRT 1
#define HAVE_CBRTF 1
#define HAVE_FORTRAN 1
#define FC_FUNC(name,NAME) name ## _
#define FC_FUNC_(name,NAME) name ## _
#define LONG_LINES 1
#define F90_ACCEPTS_LINE_NUMBERS 1
#define FC_INTEGER_SIZE 4
#define CC_FORTRAN_INT int

configure: exit 0
